  compilation object save succeeded; see F:\All CMP502\cmp502\Tutorials\Tutorial 5\Engine\colour_ps.cso
  compilation object save succeeded; see F:\All CMP502\cmp502\Tutorials\Tutorial 5\Engine\colour_vs.cso
  compilation object save succeeded; see F:\All CMP502\cmp502\Tutorials\Tutorial 5\Engine\light_ps.cso
  compilation object save succeeded; see F:\All CMP502\cmp502\Tutorials\Tutorial 5\Engine\light_vs.cso
  pch.cpp
  Camera.cpp
  DeviceResources.cpp
  Game.cpp
  Light.cpp
  Main.cpp
  modelclass.cpp
F:\All CMP502\cmp502\Tutorials\Tutorial 5\Engine\modelclass.cpp(23,39): warning C4267: '=': conversion from 'size_t' to 'int', possible loss of data
F:\All CMP502\cmp502\Tutorials\Tutorial 5\Engine\modelclass.cpp(24,37): warning C4267: '=': conversion from 'size_t' to 'int', possible loss of data
F:\All CMP502\cmp502\Tutorials\Tutorial 5\Engine\modelclass.cpp(39,39): warning C4267: '=': conversion from 'size_t' to 'int', possible loss of data
F:\All CMP502\cmp502\Tutorials\Tutorial 5\Engine\modelclass.cpp(40,37): warning C4267: '=': conversion from 'size_t' to 'int', possible loss of data
F:\All CMP502\cmp502\Tutorials\Tutorial 5\Engine\modelclass.cpp(56,39): warning C4267: '=': conversion from 'size_t' to 'int', possible loss of data
F:\All CMP502\cmp502\Tutorials\Tutorial 5\Engine\modelclass.cpp(57,37): warning C4267: '=': conversion from 'size_t' to 'int', possible loss of data
  Shader.cpp
  Generating Code...
     Creating library Bin\Desktop_2015\x64\Debug\DirectXTKSimpleSample_2015.lib and object Bin\Desktop_2015\x64\Debug\DirectXTKSimpleSample_2015.exp
  DirectXTKSimpleSample_2015.vcxproj -> F:\All CMP502\cmp502\Tutorials\Tutorial 5\Engine\Bin\Desktop_2015\x64\Debug\DirectXTKSimpleSample_2015.exe
